<?xml version="1.0" encoding="UTF-8"?>
<!-- Generated by org.testng.reporters.JUnitReportReporter -->
<testsuite hostname="Margaret" failures="0" tests="1" name="PricelineTest" time="8.389" errors="0" timestamp="11 May 2023 21:42:33 GMT">
  <testcase classname="PricelineTest" name="testCase1" time="8.389"/>
</testsuite> <!-- PricelineTest -->
